time=2024-07-17T10:18:29.381+05:00 level=ERROR msg="Databazadan ma'lumotlarni olishda xatolik: sql: expected 7 destination arguments in Scan, not 6"
time=2024-07-17T10:19:59.094+05:00 level=ERROR msg="Databazadan ma'lumotlarni olishda xatolik: sql: Scan error on column index 3, name \"accepted_materials\": unsupported Scan, storing driver.Value type []uint8 into type *[]string"
time=2024-07-17T10:21:01.266+05:00 level=ERROR msg="Databazadan ma'lumotlarni olishda xatolik: sql: Scan error on column index 3, name \"accepted_materials\": unsupported Scan, storing driver.Value type []uint8 into type *[]string"
time=2024-07-17T11:00:49.867+05:00 level=ERROR msg="Databazadan ma'lumotlarni olishda xatolik: pq: INSERT has more target columns than expressions"
time=2024-07-17T11:05:20.702+05:00 level=ERROR msg="Databazadan ma'lumotlarni olishda xatolik: pq: insert or update on table \"item_service_recycling_submissions\" violates foreign key constraint \"item_service_recycling_submissions_center_id_fkey\""
time=2024-07-17T11:09:09.459+05:00 level=ERROR msg="Databazadan ma'lumotlarni olishda xatolik: pq: column \"item_service_recycling_centers.id\" must appear in the GROUP BY clause or be used in an aggregate function"
time=2024-07-17T11:13:46.989+05:00 level=ERROR msg="Databazadan ma'lumotlarni olishda xatolik: sql: Scan error on column index 0, name \"id\": destination not a pointer"
time=2024-07-17T11:16:42.837+05:00 level=ERROR msg="Databazadan ma'lumotlarni olishda xatolik: pq: column \"item_service_recycling_centers.id\" must appear in the GROUP BY clause or be used in an aggregate function"
time=2024-07-17T11:20:32.545+05:00 level=ERROR msg="Databazadan ma'lumotlarni olishda xatolik: sql: Scan error on column index 3, name \"accepted_materials\": unsupported Scan, storing driver.Value type []uint8 into type *[]string"
time=2024-07-17T11:52:15.889+05:00 level=ERROR msg="Databazadan ma'lumotlarni olishda xatolik: pq: operator does not exist: timestamp without time zone >= integer"
time=2024-07-17T11:58:06.982+05:00 level=ERROR msg="Databazadan ma'lumotlarni olishda xatolik: pq: column \"string\" does not exist"
time=2024-07-17T11:59:24.180+05:00 level=ERROR msg="Databazadan ma'lumotlarni olishda xatolik: rpc error: code = Unavailable desc = connection error: desc = \"error reading server preface: http2: frame too large\""
time=2024-07-17T12:00:59.725+05:00 level=ERROR msg="Databazadan ma'lumotlarni olishda xatolik: pq: column \"2024-05-12\" does not exist"
time=2024-07-17T12:01:49.678+05:00 level=ERROR msg="Databazadan ma'lumotlarni olishda xatolik: rpc error: code = Unavailable desc = connection error: desc = \"error reading server preface: http2: frame too large\""
time=2024-07-17T12:03:32.589+05:00 level=ERROR msg="Databazadan ma'lumotlarni olishda xatolik: rpc error: code = Unavailable desc = connection error: desc = \"error reading server preface: http2: frame too large\""
time=2024-07-17T12:03:41.795+05:00 level=ERROR msg="Databazadan ma'lumotlarni olishda xatolik: rpc error: code = Unavailable desc = connection error: desc = \"error reading server preface: http2: frame too large\""
time=2024-07-17T12:57:17.252+05:00 level=ERROR msg="Databazadan ma'lumotlarni olishda xatolik: pq: invalid input syntax for type timestamp: \"string\""
time=2024-07-17T12:58:46.683+05:00 level=ERROR msg="Databazadan ma'lumotlarni olishda xatolik: pq: column \"updates_at\" of relation \"item_service_challenge_participations\" does not exist"
time=2024-07-17T13:00:26.130+05:00 level=ERROR msg="Databazadan ma'lumotlarni olishda xatolik: sql: no rows in result set"
time=2024-07-17T14:21:22.308+05:00 level=ERROR msg="Databazadan ma'lumotlarni olishda xatolik: pq: column \"item_service_eco_tips.id\" must appear in the GROUP BY clause or be used in an aggregate function"
time=2024-07-17T14:23:02.036+05:00 level=ERROR msg="Databazadan ma'lumotlarni olishda xatolik: pq: column \"item_service_eco_tips.id\" must appear in the GROUP BY clause or be used in an aggregate function"
time=2024-07-17T14:28:26.499+05:00 level=ERROR msg="Databazadan ma'lumotlarni olishda xatolik: sql: converting argument $5 type: unsupported type []string, a slice of string"
time=2024-07-17T14:31:42.540+05:00 level=ERROR msg="Databazadan ma'lumotlarni olishda xatolik: pq: column \"swap_prefernce\" of relation \"item_service_items\" does not exist"
time=2024-07-17T14:32:53.104+05:00 level=ERROR msg="Databazadan ma'lumotlarni olishda xatolik: pq: invalid input syntax for type uuid: \"phone\""
time=2024-07-17T14:33:58.534+05:00 level=ERROR msg="Databazadan ma'lumotlarni olishda xatolik: pq: null value in column \"status\" of relation \"item_service_items\" violates not-null constraint"
time=2024-07-17T14:41:08.983+05:00 level=ERROR msg="Databazadan ma'lumotlarni olishda xatolik: pq: INSERT has more target columns than expressions"
time=2024-07-17T14:42:22.819+05:00 level=ERROR msg="Databazadan ma'lumotlarni olishda xatolik: sql: expected 8 destination arguments in Scan, not 9"
time=2024-07-17T14:46:53.795+05:00 level=ERROR msg="Databazadan ma'lumotlarni olishda xatolik: pq: column \"catrgory_id\" does not exist"
time=2024-07-17T14:50:26.428+05:00 level=ERROR msg="Databazadan ma'lumotlarni olishda xatolik: pq: column \"catrgory_id\" does not exist"
time=2024-07-17T14:53:25.155+05:00 level=ERROR msg="Databazadan ma'lumotlarni olishda xatolik: pq: column \"condetion\" does not exist"
time=2024-07-17T14:53:57.561+05:00 level=ERROR msg="Databazadan ma'lumotlarni olishda xatolik: pq: column \"swap_prefernce\" does not exist"
time=2024-07-17T14:54:40.827+05:00 level=ERROR msg="Databazadan ma'lumotlarni olishda xatolik: pq: column \"item_service_items.id\" must appear in the GROUP BY clause or be used in an aggregate function"
time=2024-07-17T15:09:07.499+05:00 level=ERROR msg="Databazadan ma'lumotlarni olishda xatolik: pq: syntax error at or near \":\""
time=2024-07-17T15:10:05.054+05:00 level=ERROR msg="Databazadan ma'lumotlarni olishda xatolik: pq: syntax error at or near \":\""
time=2024-07-17T15:14:44.776+05:00 level=ERROR msg="Databazadan ma'lumotlarni olishda xatolik: pq: syntax error at or near \":\""
time=2024-07-17T15:18:16.037+05:00 level=ERROR msg="Databazadan ma'lumotlarni olishda xatolik: pq: syntax error at or near \":\""
time=2024-07-17T15:18:37.700+05:00 level=ERROR msg="Databazadan ma'lumotlarni olishda xatolik: pq: syntax error at or near \":\""
time=2024-07-17T15:19:43.500+05:00 level=ERROR msg="Databazadan ma'lumotlarni olishda xatolik: pq: syntax error at or near \":\""
time=2024-07-17T15:25:09.965+05:00 level=ERROR msg="Databazadan ma'lumotlarni olishda xatolik: pq: syntax error at or near \":\""
time=2024-07-17T15:26:43.805+05:00 level=ERROR msg="Databazadan ma'lumotlarni olishda xatolik: pq: column \"swap_prefernce\" does not exist"
time=2024-07-17T15:28:44.049+05:00 level=ERROR msg="Databazadan ma'lumotlarni olishda xatolik: pq: got 4 parameters but the statement requires 5"
time=2024-07-17T15:59:39.255+05:00 level=ERROR msg="Databazadan ma'lumotlarni olishda xatolik: pq: null value in column \"status\" of relation \"item_service_swaps\" violates not-null constraint"
time=2024-07-17T16:01:34.286+05:00 level=ERROR msg="Databazadan ma'lumotlarni olishda xatolik: pq: insert or update on table \"item_service_swaps\" violates foreign key constraint \"item_service_swaps_requested_item_id_fkey\""
time=2024-07-17T16:01:53.902+05:00 level=ERROR msg="Databazadan ma'lumotlarni olishda xatolik: pq: insert or update on table \"item_service_swaps\" violates foreign key constraint \"item_service_swaps_requested_item_id_fkey\""
time=2024-07-17T16:13:09.762+05:00 level=ERROR msg="Databazadan ma'lumotlarni olishda xatolik: pq: column \"item_service_swaps.id\" must appear in the GROUP BY clause or be used in an aggregate function"
time=2024-07-17T16:18:39.688+05:00 level=ERROR msg="Databazadan ma'lumotlarni olishda xatolik: pq: column \"accepted\" does not exist"
time=2024-07-17T16:20:43.479+05:00 level=ERROR msg="Databazadan ma'lumotlarni olishda xatolik: pq: invalid input syntax for type uuid: \"039c85d1-737b-49f1-af5b-b6bb567a939\""
time=2024-07-17T16:32:29.934+05:00 level=ERROR msg="Databazadan ma'lumotlarni olishda xatolik: pq: syntax error at or near \"AND\""
time=2024-07-17T16:35:58.756+05:00 level=ERROR msg="Databazadan ma'lumotlarni olishda xatolik: pq: syntax error at or near \"AND\""
time=2024-07-17T16:36:51.608+05:00 level=ERROR msg="Databazadan ma'lumotlarni olishda xatolik: pq: syntax error at or near \"AND\""
time=2024-07-17T16:37:58.634+05:00 level=ERROR msg="Databazadan ma'lumotlarni olishda xatolik: pq: function to_timestamp() does not exist"
time=2024-07-17T16:38:44.461+05:00 level=ERROR msg="Databazadan ma'lumotlarni olishda xatolik: pq: function to_timestamp() does not exist"
time=2024-07-17T16:38:54.541+05:00 level=ERROR msg="Databazadan ma'lumotlarni olishda xatolik: pq: function to_timestamp() does not exist"
time=2024-07-17T16:39:12.714+05:00 level=ERROR msg="Databazadan ma'lumotlarni olishda xatolik: pq: syntax error at or near \"AND\""
time=2024-07-17T16:40:14.181+05:00 level=ERROR msg="Databazadan ma'lumotlarni olishda xatolik: pq: syntax error at or near \"AND\""
time=2024-07-17T16:41:05.629+05:00 level=ERROR msg="Databazadan ma'lumotlarni olishda xatolik: pq: syntax error at or near \"AND\""
time=2024-07-17T16:42:24.098+05:00 level=ERROR msg="Databazadan ma'lumotlarni olishda xatolik: pq: operator does not exist: timestamp without time zone >= integer"
time=2024-07-17T16:43:07.123+05:00 level=ERROR msg="Databazadan ma'lumotlarni olishda xatolik: pq: invalid input syntax for type uuid: \"\""
time=2024-07-17T16:44:56.272+05:00 level=ERROR msg="Databazadan ma'lumotlarni olishda xatolik: pq: invalid input syntax for type uuid: \"\""
time=2024-07-17T16:46:08.110+05:00 level=ERROR msg="Databazadan ma'lumotlarni olishda xatolik: pq: invalid input syntax for type uuid: \"\""
time=2024-07-17T16:47:35.303+05:00 level=ERROR msg="Databazadan ma'lumotlarni olishda xatolik: pq: invalid input syntax for type uuid: \"\""
time=2024-07-17T16:48:30.578+05:00 level=ERROR msg="Databazadan ma'lumotlarni olishda xatolik: rpc error: code = Unavailable desc = connection error: desc = \"error reading server preface: http2: frame too large\""
time=2024-07-17T16:50:10.066+05:00 level=ERROR msg="Databazadan ma'lumotlarni olishda xatolik: pq: column \"item_service_ratings.id\" must appear in the GROUP BY clause or be used in an aggregate function"
time=2024-07-17T16:53:43.170+05:00 level=ERROR msg="Databazadan ma'lumotlarni olishda xatolik: rpc error: code = Unavailable desc = connection error: desc = \"error reading server preface: http2: frame too large\""
time=2024-07-17T18:57:29.588+05:00 level=ERROR msg="Databazadan ma'lumotlarni olishda xatolik: rpc error: code = Unavailable desc = connection error: desc = \"transport: Error while dialing: dial tcp 127.0.0.1:8888: connect: connection refused\""
time=2024-07-17T20:20:31.650+05:00 level=ERROR msg="Databazadan ma'lumotlarni olishda xatolik: pq: column \"asda\" does not exist"
